c:\users\omen\source\repos\ponggame\release\vc142.pdb
c:\users\omen\source\repos\ponggame\release\text.obj
c:\users\omen\source\repos\ponggame\release\screen.obj
c:\users\omen\source\repos\ponggame\release\score.obj
c:\users\omen\source\repos\ponggame\release\paddles.obj
c:\users\omen\source\repos\ponggame\release\music.obj
c:\users\omen\source\repos\ponggame\release\menu.obj
c:\users\omen\source\repos\ponggame\release\main.obj
c:\users\omen\source\repos\ponggame\release\interface.obj
c:\users\omen\source\repos\ponggame\release\image.obj
c:\users\omen\source\repos\ponggame\release\game.obj
c:\users\omen\source\repos\ponggame\release\font.obj
c:\users\omen\source\repos\ponggame\release\field.obj
c:\users\omen\source\repos\ponggame\release\ball.obj
c:\users\omen\source\repos\ponggame\release\controls.obj
c:\users\omen\source\repos\ponggame\release\ponggame.exe
c:\users\omen\source\repos\ponggame\release\ponggame.pdb
c:\users\omen\source\repos\ponggame\release\ponggame.ipdb
c:\users\omen\source\repos\ponggame\release\ponggame.iobj
c:\users\omen\source\repos\ponggame\release\ponggame.tlog\cl.command.1.tlog
c:\users\omen\source\repos\ponggame\release\ponggame.tlog\cl.read.1.tlog
c:\users\omen\source\repos\ponggame\release\ponggame.tlog\cl.write.1.tlog
c:\users\omen\source\repos\ponggame\release\ponggame.tlog\link.command.1.tlog
c:\users\omen\source\repos\ponggame\release\ponggame.tlog\link.read.1.tlog
c:\users\omen\source\repos\ponggame\release\ponggame.tlog\link.write.1.tlog
c:\users\omen\source\repos\ponggame\release\ponggame.tlog\ponggame.write.1u.tlog
