c:\users\omen\source\repos\ponggame\debug\vc142.pdb
c:\users\omen\source\repos\ponggame\debug\vc142.idb
c:\users\omen\source\repos\ponggame\debug\text.obj
c:\users\omen\source\repos\ponggame\debug\screen.obj
c:\users\omen\source\repos\ponggame\debug\score.obj
c:\users\omen\source\repos\ponggame\debug\paddles.obj
c:\users\omen\source\repos\ponggame\debug\music.obj
c:\users\omen\source\repos\ponggame\debug\menu.obj
c:\users\omen\source\repos\ponggame\debug\main.obj
c:\users\omen\source\repos\ponggame\debug\interface.obj
c:\users\omen\source\repos\ponggame\debug\image.obj
c:\users\omen\source\repos\ponggame\debug\font.obj
c:\users\omen\source\repos\ponggame\debug\field.obj
c:\users\omen\source\repos\ponggame\debug\ball.obj
c:\users\omen\source\repos\ponggame\debug\game.obj
c:\users\omen\source\repos\ponggame\debug\ponggame.exe
c:\users\omen\source\repos\ponggame\debug\ponggame.ilk
c:\users\omen\source\repos\ponggame\debug\ponggame.pdb
c:\users\omen\source\repos\ponggame\debug\ponggame.tlog\cl.command.1.tlog
c:\users\omen\source\repos\ponggame\debug\ponggame.tlog\cl.read.1.tlog
c:\users\omen\source\repos\ponggame\debug\ponggame.tlog\cl.write.1.tlog
c:\users\omen\source\repos\ponggame\debug\ponggame.tlog\link.command.1.tlog
c:\users\omen\source\repos\ponggame\debug\ponggame.tlog\link.read.1.tlog
c:\users\omen\source\repos\ponggame\debug\ponggame.tlog\link.write.1.tlog
